This is pdfTeX, Version 3.14159265-2.6-1.40.16 (TeX Live 2015) (preloaded format=pdflatex 2016.2.16)  15 MAR 2017 15:07
entering extended mode
 restricted \write18 enabled.
 file:line:error style messages enabled.
 %&-line parsing enabled.
**PalmierValladier.md
(./PalmierValladier.md
LaTeX2e <2016/02/01>
Babel <3.9n> and hyphenation patterns for 79 languages loaded.

./PalmierValladier.md:1: LaTeX Error: Missing \begin{document}.

See the LaTeX manual or LaTeX Companion for explanation.
Type  H <return>  for immediate help.
 ...                                              
                                                  
l.1 P
     rédiction de la consommation électrique
? 
./PalmierValladier.md:1: Emergency stop.
 ...                                              
                                                  
l.1 P
     rédiction de la consommation électrique
You're in trouble here.  Try typing  <return>  to proceed.
If that doesn't work, type  X <return>  to quit.

 
Here is how much of TeX's memory you used:
 7 strings out of 493042
 297 string characters out of 6134660
 53459 words of memory out of 5000000
 3640 multiletter control sequences out of 15000+600000
 3640 words of font info for 14 fonts, out of 8000000 for 9000
 1141 hyphenation exceptions out of 8191
 5i,0n,4p,64b,14s stack positions out of 5000i,500n,10000p,200000b,80000s
./PalmierValladier.md:1:  ==> Fatal error occurred, no output PDF file produced
!
